\BOOKMARK [1][-]{section.1}{Pr\351sentation}{}% 1
\BOOKMARK [2][-]{subsection.1.1}{Cadre du projet}{section.1}% 2
\BOOKMARK [2][-]{subsection.1.2}{Objectif}{section.1}% 3
\BOOKMARK [2][-]{subsection.1.3}{Les imprimantes RepRap}{section.1}% 4
\BOOKMARK [1][-]{section.2}{Conception}{}% 5
\BOOKMARK [2][-]{subsection.2.1}{Le chassis}{section.2}% 6
\BOOKMARK [2][-]{subsection.2.2}{L'\351lectronique}{section.2}% 7
\BOOKMARK [3][-]{subsubsection.2.2.1}{Sp\351cification}{subsection.2.2}% 8
\BOOKMARK [3][-]{subsubsection.2.2.2}{La Smoothieboard}{subsection.2.2}% 9
\BOOKMARK [3][-]{subsubsection.2.2.3}{Arduino}{subsection.2.2}% 10
\BOOKMARK [2][-]{subsection.2.3}{Liste du mat\351riel}{section.2}% 11
\BOOKMARK [2][-]{subsection.2.4}{la t\352te d'impression}{section.2}% 12
\BOOKMARK [3][-]{subsubsection.2.4.1}{L'\351l\351ment de chauffe}{subsection.2.4}% 13
\BOOKMARK [3][-]{subsubsection.2.4.2}{Le radiateur}{subsection.2.4}% 14
\BOOKMARK [3][-]{subsubsection.2.4.3}{Le noyau}{subsection.2.4}% 15
\BOOKMARK [3][-]{subsubsection.2.4.4}{La buse}{subsection.2.4}% 16
\BOOKMARK [1][-]{section.3}{Mise en oeuvre}{}% 17
\BOOKMARK [2][-]{subsection.3.1}{L'\351lectronique}{section.3}% 18
\BOOKMARK [3][-]{subsubsection.3.1.1}{Un jeu de LEGO}{subsection.3.1}% 19
\BOOKMARK [3][-]{subsubsection.3.1.2}{Alimentation externe}{subsection.3.1}% 20
\BOOKMARK [3][-]{subsubsection.3.1.3}{Les premi\350res embuches}{subsection.3.1}% 21
\BOOKMARK [2][-]{subsection.3.2}{R\351glage des controlleurs de moteurs}{section.3}% 22
\BOOKMARK [3][-]{subsubsection.3.2.1}{Principe du r\351glage}{subsection.3.2}% 23
\BOOKMARK [3][-]{subsubsection.3.2.2}{C\342blage du module}{subsection.3.2}% 24
\BOOKMARK [3][-]{subsubsection.3.2.3}{Le test}{subsection.3.2}% 25
